<?xml version="1.0" encoding="UTF-8"?>
<testsuite name="com.kero.security.core.bases.collections.SetsTest" tests="3" skipped="0" failures="0" errors="0" timestamp="2020-09-30T17:14:04" hostname="DESKTOP-0M6QE3D" time="0.186">
  <properties/>
  <testcase name="test_TreeSet()" classname="com.kero.security.core.bases.collections.SetsTest" time="0.079"/>
  <testcase name="test_hashSet()" classname="com.kero.security.core.bases.collections.SetsTest" time="0.061"/>
  <testcase name="test_linkedHashSet()" classname="com.kero.security.core.bases.collections.SetsTest" time="0.044"/>
  <system-out><![CDATA[2020-09-30 20:14:04 DEBUG [Kero-Security] - Creating access scheme for class: com.kero.security.core.TestObject
2020-09-30 20:14:04 DEBUG [Kero-Security] - Creating property: text for scheme: TestObject
2020-09-30 20:14:04 DEBUG [Kero-Security] - Creating access scheme for class: java.util.TreeSet
2020-09-30 20:14:04 DEBUG [Kero-Security] - Building proxy for: java.util.TreeSet
2020-09-30 20:14:04 DEBUG [Kero-Security] - Prepare access configuration for java.util.TreeSet roles: [OWNER]
2020-09-30 20:14:04 DEBUG [Kero-Security] - Creating access scheme for interface: java.util.NavigableSet
2020-09-30 20:14:04 DEBUG [Kero-Security] - Creating access scheme for interface: java.util.SortedSet
2020-09-30 20:14:04 DEBUG [Kero-Security] - Creating access scheme for interface: java.util.Set
2020-09-30 20:14:04 DEBUG [Kero-Security] - Creating access scheme for interface: java.util.Collection
2020-09-30 20:14:04 DEBUG [Kero-Security] - Creating access scheme for interface: java.lang.Iterable
2020-09-30 20:14:04 DEBUG [Kero-Security] - Creating access scheme for interface: java.lang.Cloneable
2020-09-30 20:14:04 DEBUG [Kero-Security] - Creating access scheme for interface: java.io.Serializable
2020-09-30 20:14:04 DEBUG [Kero-Security] - Creating access scheme for class: java.util.AbstractSet
2020-09-30 20:14:04 DEBUG [Kero-Security] - Creating access scheme for class: java.util.AbstractCollection
2020-09-30 20:14:04 DEBUG [Kero-Security] - Creating access scheme for class: java.util.TreeMap.KeyIterator
2020-09-30 20:14:04 DEBUG [Kero-Security] - Building proxy for: java.util.TreeMap.KeyIterator
2020-09-30 20:14:04 DEBUG [Kero-Security] - Prepare access configuration for java.util.TreeMap.KeyIterator roles: [OWNER]
2020-09-30 20:14:04 DEBUG [Kero-Security] - Creating access scheme for class: java.util.TreeMap.PrivateEntryIterator
2020-09-30 20:14:04 DEBUG [Kero-Security] - Creating access scheme for interface: java.util.Iterator
2020-09-30 20:14:04 DEBUG [Kero-Security] - Building proxy for: com.kero.security.core.TestObject
2020-09-30 20:14:04 DEBUG [Kero-Security] - Prepare access configuration for com.kero.security.core.TestObject roles: [OWNER]
2020-09-30 20:14:04 DEBUG [Kero-Security] - Creating access scheme for interface: com.kero.security.core.TestInterface
2020-09-30 20:14:04 DEBUG [Kero-Security] - Creating access scheme for interface: java.lang.Comparable
2020-09-30 20:14:04 DEBUG [Kero-Security] - Prepare access configuration for java.util.TreeSet roles: [NONE]
2020-09-30 20:14:04 DEBUG [Kero-Security] - Prepare access configuration for java.util.TreeMap.KeyIterator roles: [NONE]
2020-09-30 20:14:04 DEBUG [Kero-Security] - Prepare access configuration for com.kero.security.core.TestObject roles: [NONE]
2020-09-30 20:14:04 DEBUG [Kero-Security] - Prepare access configuration for java.util.TreeSet roles: [FRIEND]
2020-09-30 20:14:04 DEBUG [Kero-Security] - Prepare access configuration for java.util.TreeMap.KeyIterator roles: [FRIEND]
2020-09-30 20:14:04 DEBUG [Kero-Security] - Prepare access configuration for com.kero.security.core.TestObject roles: [FRIEND]
2020-09-30 20:14:04 DEBUG [Kero-Security] - Creating access scheme for class: com.kero.security.core.TestObject
2020-09-30 20:14:04 DEBUG [Kero-Security] - Creating property: text for scheme: TestObject
2020-09-30 20:14:04 DEBUG [Kero-Security] - Creating access scheme for class: java.util.HashSet
2020-09-30 20:14:04 DEBUG [Kero-Security] - Building proxy for: java.util.HashSet
2020-09-30 20:14:04 DEBUG [Kero-Security] - Prepare access configuration for java.util.HashSet roles: [OWNER]
2020-09-30 20:14:04 DEBUG [Kero-Security] - Creating access scheme for interface: java.util.Set
2020-09-30 20:14:04 DEBUG [Kero-Security] - Creating access scheme for interface: java.util.Collection
2020-09-30 20:14:04 DEBUG [Kero-Security] - Creating access scheme for interface: java.lang.Iterable
2020-09-30 20:14:04 DEBUG [Kero-Security] - Creating access scheme for interface: java.lang.Cloneable
2020-09-30 20:14:04 DEBUG [Kero-Security] - Creating access scheme for interface: java.io.Serializable
2020-09-30 20:14:04 DEBUG [Kero-Security] - Creating access scheme for class: java.util.AbstractSet
2020-09-30 20:14:04 DEBUG [Kero-Security] - Creating access scheme for class: java.util.AbstractCollection
2020-09-30 20:14:04 DEBUG [Kero-Security] - Creating access scheme for class: java.util.HashMap.KeyIterator
2020-09-30 20:14:04 DEBUG [Kero-Security] - Building proxy for: java.util.HashMap.KeyIterator
2020-09-30 20:14:04 DEBUG [Kero-Security] - Prepare access configuration for java.util.HashMap.KeyIterator roles: [OWNER]
2020-09-30 20:14:04 DEBUG [Kero-Security] - Creating access scheme for interface: java.util.Iterator
2020-09-30 20:14:04 DEBUG [Kero-Security] - Creating access scheme for class: java.util.HashMap.HashIterator
2020-09-30 20:14:04 DEBUG [Kero-Security] - Building proxy for: com.kero.security.core.TestObject
2020-09-30 20:14:04 DEBUG [Kero-Security] - Prepare access configuration for com.kero.security.core.TestObject roles: [OWNER]
2020-09-30 20:14:04 DEBUG [Kero-Security] - Creating access scheme for interface: com.kero.security.core.TestInterface
2020-09-30 20:14:04 DEBUG [Kero-Security] - Creating access scheme for interface: java.lang.Comparable
2020-09-30 20:14:04 DEBUG [Kero-Security] - Prepare access configuration for java.util.HashSet roles: [NONE]
2020-09-30 20:14:04 DEBUG [Kero-Security] - Prepare access configuration for java.util.HashMap.KeyIterator roles: [NONE]
2020-09-30 20:14:04 DEBUG [Kero-Security] - Prepare access configuration for com.kero.security.core.TestObject roles: [NONE]
2020-09-30 20:14:04 DEBUG [Kero-Security] - Prepare access configuration for java.util.HashSet roles: [FRIEND]
2020-09-30 20:14:04 DEBUG [Kero-Security] - Prepare access configuration for java.util.HashMap.KeyIterator roles: [FRIEND]
2020-09-30 20:14:04 DEBUG [Kero-Security] - Prepare access configuration for com.kero.security.core.TestObject roles: [FRIEND]
2020-09-30 20:14:04 DEBUG [Kero-Security] - Creating access scheme for class: com.kero.security.core.TestObject
2020-09-30 20:14:04 DEBUG [Kero-Security] - Creating property: text for scheme: TestObject
2020-09-30 20:14:04 DEBUG [Kero-Security] - Creating access scheme for class: java.util.LinkedHashSet
2020-09-30 20:14:04 DEBUG [Kero-Security] - Building proxy for: java.util.LinkedHashSet
2020-09-30 20:14:04 DEBUG [Kero-Security] - Prepare access configuration for java.util.LinkedHashSet roles: [OWNER]
2020-09-30 20:14:04 DEBUG [Kero-Security] - Creating access scheme for interface: java.util.Set
2020-09-30 20:14:04 DEBUG [Kero-Security] - Creating access scheme for interface: java.util.Collection
2020-09-30 20:14:04 DEBUG [Kero-Security] - Creating access scheme for interface: java.lang.Iterable
2020-09-30 20:14:04 DEBUG [Kero-Security] - Creating access scheme for interface: java.lang.Cloneable
2020-09-30 20:14:04 DEBUG [Kero-Security] - Creating access scheme for interface: java.io.Serializable
2020-09-30 20:14:04 DEBUG [Kero-Security] - Creating access scheme for class: java.util.HashSet
2020-09-30 20:14:04 DEBUG [Kero-Security] - Creating access scheme for class: java.util.AbstractSet
2020-09-30 20:14:04 DEBUG [Kero-Security] - Creating access scheme for class: java.util.AbstractCollection
2020-09-30 20:14:04 DEBUG [Kero-Security] - Creating access scheme for class: java.util.LinkedHashMap.LinkedKeyIterator
2020-09-30 20:14:04 DEBUG [Kero-Security] - Building proxy for: java.util.LinkedHashMap.LinkedKeyIterator
2020-09-30 20:14:04 DEBUG [Kero-Security] - Prepare access configuration for java.util.LinkedHashMap.LinkedKeyIterator roles: [OWNER]
2020-09-30 20:14:04 DEBUG [Kero-Security] - Creating access scheme for interface: java.util.Iterator
2020-09-30 20:14:04 DEBUG [Kero-Security] - Creating access scheme for class: java.util.LinkedHashMap.LinkedHashIterator
2020-09-30 20:14:04 DEBUG [Kero-Security] - Building proxy for: com.kero.security.core.TestObject
2020-09-30 20:14:04 DEBUG [Kero-Security] - Prepare access configuration for com.kero.security.core.TestObject roles: [OWNER]
2020-09-30 20:14:04 DEBUG [Kero-Security] - Creating access scheme for interface: com.kero.security.core.TestInterface
2020-09-30 20:14:04 DEBUG [Kero-Security] - Creating access scheme for interface: java.lang.Comparable
2020-09-30 20:14:04 DEBUG [Kero-Security] - Prepare access configuration for java.util.LinkedHashSet roles: [NONE]
2020-09-30 20:14:04 DEBUG [Kero-Security] - Prepare access configuration for java.util.LinkedHashMap.LinkedKeyIterator roles: [NONE]
2020-09-30 20:14:04 DEBUG [Kero-Security] - Prepare access configuration for com.kero.security.core.TestObject roles: [NONE]
2020-09-30 20:14:04 DEBUG [Kero-Security] - Prepare access configuration for java.util.LinkedHashSet roles: [FRIEND]
2020-09-30 20:14:04 DEBUG [Kero-Security] - Prepare access configuration for java.util.LinkedHashMap.LinkedKeyIterator roles: [FRIEND]
2020-09-30 20:14:04 DEBUG [Kero-Security] - Prepare access configuration for com.kero.security.core.TestObject roles: [FRIEND]
]]></system-out>
  <system-err><![CDATA[]]></system-err>
</testsuite>
