<?xml version="1.0" encoding="UTF-8"?>
<testsuite name="com.kero.security.core.AnnotationsTest" tests="1" skipped="0" failures="0" errors="0" timestamp="2020-09-30T17:14:01" hostname="DESKTOP-0M6QE3D" time="1.699">
  <properties/>
  <testcase name="test()" classname="com.kero.security.core.AnnotationsTest" time="1.699"/>
  <system-out><![CDATA[2020-09-30 20:14:01 DEBUG [Kero-Security] - Creating access scheme for class: com.kero.security.core.AnnotationsTest.TestAnnotatedObject
2020-09-30 20:14:01 DEBUG [Kero-Security] - Building proxy for: com.kero.security.core.AnnotationsTest.TestAnnotatedObject
2020-09-30 20:14:01 DEBUG [Kero-Security] - Prepare access configuration for com.kero.security.core.AnnotationsTest.TestAnnotatedObject roles: [FRIEND]
2020-09-30 20:14:01 DEBUG [Kero-Security] - Creating access scheme for interface: com.kero.security.core.AnnotationsTest.TestAnnotatedInterface
obj: test_default_text
]]></system-out>
  <system-err><![CDATA[]]></system-err>
</testsuite>
