<?xml version="1.0" encoding="UTF-8"?>
<testsuite name="com.kero.security.core.bases.collections.MapsTest" tests="4" skipped="0" failures="0" errors="0" timestamp="2020-09-30T17:14:03" hostname="DESKTOP-0M6QE3D" time="0.784">
  <properties/>
  <testcase name="test_Hashtable()" classname="com.kero.security.core.bases.collections.MapsTest" time="0.312"/>
  <testcase name="test_TreeMap()" classname="com.kero.security.core.bases.collections.MapsTest" time="0.185"/>
  <testcase name="test_LinkedHasMap()" classname="com.kero.security.core.bases.collections.MapsTest" time="0.129"/>
  <testcase name="test_HashMap()" classname="com.kero.security.core.bases.collections.MapsTest" time="0.155"/>
  <system-out><![CDATA[2020-09-30 20:14:03 DEBUG [Kero-Security] - Creating access scheme for class: com.kero.security.core.TestObject
2020-09-30 20:14:03 DEBUG [Kero-Security] - Creating property: text for scheme: TestObject
2020-09-30 20:14:03 DEBUG [Kero-Security] - Creating access scheme for class: java.util.Hashtable
2020-09-30 20:14:03 DEBUG [Kero-Security] - Building proxy for: java.util.Hashtable
2020-09-30 20:14:03 DEBUG [Kero-Security] - Prepare access configuration for java.util.Hashtable roles: [OWNER]
2020-09-30 20:14:03 DEBUG [Kero-Security] - Creating access scheme for interface: java.util.Map
2020-09-30 20:14:03 DEBUG [Kero-Security] - Creating access scheme for interface: java.lang.Cloneable
2020-09-30 20:14:03 DEBUG [Kero-Security] - Creating access scheme for interface: java.io.Serializable
2020-09-30 20:14:03 DEBUG [Kero-Security] - Creating access scheme for class: java.util.Dictionary
2020-09-30 20:14:03 DEBUG [Kero-Security] - Creating access scheme for class: java.util.Collections.SynchronizedSet
2020-09-30 20:14:03 DEBUG [Kero-Security] - Building proxy for: java.util.Collections.SynchronizedSet
2020-09-30 20:14:03 DEBUG [Kero-Security] - Prepare access configuration for java.util.Collections.SynchronizedSet roles: [OWNER]
2020-09-30 20:14:03 DEBUG [Kero-Security] - Creating access scheme for interface: java.util.Set
2020-09-30 20:14:03 DEBUG [Kero-Security] - Creating access scheme for interface: java.util.Collection
2020-09-30 20:14:03 DEBUG [Kero-Security] - Creating access scheme for interface: java.lang.Iterable
2020-09-30 20:14:03 DEBUG [Kero-Security] - Creating access scheme for class: java.util.Collections.SynchronizedCollection
2020-09-30 20:14:03 DEBUG [Kero-Security] - Creating access scheme for class: java.util.Hashtable.Enumerator
2020-09-30 20:14:03 DEBUG [Kero-Security] - Building proxy for: java.util.Hashtable.Enumerator
2020-09-30 20:14:03 DEBUG [Kero-Security] - Prepare access configuration for java.util.Hashtable.Enumerator roles: [OWNER]
2020-09-30 20:14:03 DEBUG [Kero-Security] - Creating access scheme for interface: java.util.Enumeration
2020-09-30 20:14:03 DEBUG [Kero-Security] - Creating access scheme for interface: java.util.Iterator
2020-09-30 20:14:03 DEBUG [Kero-Security] - Creating access scheme for class: java.util.Hashtable.Entry
2020-09-30 20:14:03 DEBUG [Kero-Security] - Building proxy for: java.util.Hashtable.Entry
2020-09-30 20:14:03 DEBUG [Kero-Security] - Prepare access configuration for java.util.Hashtable.Entry roles: [OWNER]
2020-09-30 20:14:03 DEBUG [Kero-Security] - Creating access scheme for interface: java.util.Map.Entry
2020-09-30 20:14:03 DEBUG [Kero-Security] - Building proxy for: com.kero.security.core.TestObject
2020-09-30 20:14:03 DEBUG [Kero-Security] - Prepare access configuration for com.kero.security.core.TestObject roles: [OWNER]
2020-09-30 20:14:03 DEBUG [Kero-Security] - Creating access scheme for interface: com.kero.security.core.TestInterface
2020-09-30 20:14:03 DEBUG [Kero-Security] - Creating access scheme for interface: java.lang.Comparable
2020-09-30 20:14:03 DEBUG [Kero-Security] - Prepare access configuration for java.util.Hashtable roles: [NONE]
2020-09-30 20:14:03 DEBUG [Kero-Security] - Prepare access configuration for java.util.Collections.SynchronizedSet roles: [NONE]
2020-09-30 20:14:03 DEBUG [Kero-Security] - Prepare access configuration for java.util.Hashtable.Enumerator roles: [NONE]
2020-09-30 20:14:03 DEBUG [Kero-Security] - Prepare access configuration for java.util.Hashtable.Entry roles: [NONE]
2020-09-30 20:14:03 DEBUG [Kero-Security] - Prepare access configuration for com.kero.security.core.TestObject roles: [NONE]
2020-09-30 20:14:03 DEBUG [Kero-Security] - Prepare access configuration for java.util.Hashtable roles: [FRIEND]
2020-09-30 20:14:03 DEBUG [Kero-Security] - Prepare access configuration for java.util.Collections.SynchronizedSet roles: [FRIEND]
2020-09-30 20:14:03 DEBUG [Kero-Security] - Prepare access configuration for java.util.Hashtable.Enumerator roles: [FRIEND]
2020-09-30 20:14:03 DEBUG [Kero-Security] - Prepare access configuration for java.util.Hashtable.Entry roles: [FRIEND]
2020-09-30 20:14:03 DEBUG [Kero-Security] - Prepare access configuration for com.kero.security.core.TestObject roles: [FRIEND]
2020-09-30 20:14:03 DEBUG [Kero-Security] - Creating access scheme for class: com.kero.security.core.TestObject
2020-09-30 20:14:03 DEBUG [Kero-Security] - Creating property: text for scheme: TestObject
2020-09-30 20:14:03 DEBUG [Kero-Security] - Creating access scheme for class: java.util.TreeMap
2020-09-30 20:14:03 DEBUG [Kero-Security] - Building proxy for: java.util.TreeMap
2020-09-30 20:14:03 DEBUG [Kero-Security] - Prepare access configuration for java.util.TreeMap roles: [OWNER]
2020-09-30 20:14:03 DEBUG [Kero-Security] - Creating access scheme for interface: java.util.NavigableMap
2020-09-30 20:14:03 DEBUG [Kero-Security] - Creating access scheme for interface: java.util.SortedMap
2020-09-30 20:14:03 DEBUG [Kero-Security] - Creating access scheme for interface: java.util.Map
2020-09-30 20:14:03 DEBUG [Kero-Security] - Creating access scheme for interface: java.lang.Cloneable
2020-09-30 20:14:03 DEBUG [Kero-Security] - Creating access scheme for interface: java.io.Serializable
2020-09-30 20:14:03 DEBUG [Kero-Security] - Creating access scheme for class: java.util.AbstractMap
2020-09-30 20:14:03 DEBUG [Kero-Security] - Creating access scheme for class: java.util.TreeMap.EntrySet
2020-09-30 20:14:03 DEBUG [Kero-Security] - Building proxy for: java.util.TreeMap.EntrySet
2020-09-30 20:14:03 DEBUG [Kero-Security] - Prepare access configuration for java.util.TreeMap.EntrySet roles: [OWNER]
2020-09-30 20:14:03 DEBUG [Kero-Security] - Creating access scheme for class: java.util.AbstractSet
2020-09-30 20:14:03 DEBUG [Kero-Security] - Creating access scheme for interface: java.util.Set
2020-09-30 20:14:03 DEBUG [Kero-Security] - Creating access scheme for interface: java.util.Collection
2020-09-30 20:14:03 DEBUG [Kero-Security] - Creating access scheme for interface: java.lang.Iterable
2020-09-30 20:14:03 DEBUG [Kero-Security] - Creating access scheme for class: java.util.AbstractCollection
2020-09-30 20:14:04 DEBUG [Kero-Security] - Creating access scheme for class: java.util.TreeMap.EntryIterator
2020-09-30 20:14:04 DEBUG [Kero-Security] - Building proxy for: java.util.TreeMap.EntryIterator
2020-09-30 20:14:04 DEBUG [Kero-Security] - Prepare access configuration for java.util.TreeMap.EntryIterator roles: [OWNER]
2020-09-30 20:14:04 DEBUG [Kero-Security] - Creating access scheme for class: java.util.TreeMap.PrivateEntryIterator
2020-09-30 20:14:04 DEBUG [Kero-Security] - Creating access scheme for interface: java.util.Iterator
2020-09-30 20:14:04 DEBUG [Kero-Security] - Creating access scheme for class: java.util.TreeMap.Entry
2020-09-30 20:14:04 DEBUG [Kero-Security] - Building proxy for: java.util.TreeMap.Entry
2020-09-30 20:14:04 DEBUG [Kero-Security] - Prepare access configuration for java.util.TreeMap.Entry roles: [OWNER]
2020-09-30 20:14:04 DEBUG [Kero-Security] - Creating access scheme for interface: java.util.Map.Entry
2020-09-30 20:14:04 DEBUG [Kero-Security] - Building proxy for: com.kero.security.core.TestObject
2020-09-30 20:14:04 DEBUG [Kero-Security] - Prepare access configuration for com.kero.security.core.TestObject roles: [OWNER]
2020-09-30 20:14:04 DEBUG [Kero-Security] - Creating access scheme for interface: com.kero.security.core.TestInterface
2020-09-30 20:14:04 DEBUG [Kero-Security] - Creating access scheme for interface: java.lang.Comparable
2020-09-30 20:14:04 DEBUG [Kero-Security] - Prepare access configuration for java.util.TreeMap roles: [NONE]
2020-09-30 20:14:04 DEBUG [Kero-Security] - Prepare access configuration for java.util.TreeMap.EntrySet roles: [NONE]
2020-09-30 20:14:04 DEBUG [Kero-Security] - Prepare access configuration for java.util.TreeMap.EntryIterator roles: [NONE]
2020-09-30 20:14:04 DEBUG [Kero-Security] - Prepare access configuration for java.util.TreeMap.Entry roles: [NONE]
2020-09-30 20:14:04 DEBUG [Kero-Security] - Prepare access configuration for com.kero.security.core.TestObject roles: [NONE]
2020-09-30 20:14:04 DEBUG [Kero-Security] - Prepare access configuration for java.util.TreeMap roles: [FRIEND]
2020-09-30 20:14:04 DEBUG [Kero-Security] - Prepare access configuration for java.util.TreeMap.EntrySet roles: [FRIEND]
2020-09-30 20:14:04 DEBUG [Kero-Security] - Prepare access configuration for java.util.TreeMap.EntryIterator roles: [FRIEND]
2020-09-30 20:14:04 DEBUG [Kero-Security] - Prepare access configuration for java.util.TreeMap.Entry roles: [FRIEND]
2020-09-30 20:14:04 DEBUG [Kero-Security] - Prepare access configuration for com.kero.security.core.TestObject roles: [FRIEND]
2020-09-30 20:14:04 DEBUG [Kero-Security] - Creating access scheme for class: com.kero.security.core.TestObject
2020-09-30 20:14:04 DEBUG [Kero-Security] - Creating property: text for scheme: TestObject
2020-09-30 20:14:04 DEBUG [Kero-Security] - Creating access scheme for class: java.util.LinkedHashMap
2020-09-30 20:14:04 DEBUG [Kero-Security] - Building proxy for: java.util.LinkedHashMap
2020-09-30 20:14:04 DEBUG [Kero-Security] - Prepare access configuration for java.util.LinkedHashMap roles: [OWNER]
2020-09-30 20:14:04 DEBUG [Kero-Security] - Creating access scheme for interface: java.util.Map
2020-09-30 20:14:04 DEBUG [Kero-Security] - Creating access scheme for class: java.util.HashMap
2020-09-30 20:14:04 DEBUG [Kero-Security] - Creating access scheme for interface: java.lang.Cloneable
2020-09-30 20:14:04 DEBUG [Kero-Security] - Creating access scheme for interface: java.io.Serializable
2020-09-30 20:14:04 DEBUG [Kero-Security] - Creating access scheme for class: java.util.AbstractMap
2020-09-30 20:14:04 DEBUG [Kero-Security] - Creating access scheme for class: java.util.LinkedHashMap.LinkedEntrySet
2020-09-30 20:14:04 DEBUG [Kero-Security] - Building proxy for: java.util.LinkedHashMap.LinkedEntrySet
2020-09-30 20:14:04 DEBUG [Kero-Security] - Prepare access configuration for java.util.LinkedHashMap.LinkedEntrySet roles: [OWNER]
2020-09-30 20:14:04 DEBUG [Kero-Security] - Creating access scheme for class: java.util.AbstractSet
2020-09-30 20:14:04 DEBUG [Kero-Security] - Creating access scheme for interface: java.util.Set
2020-09-30 20:14:04 DEBUG [Kero-Security] - Creating access scheme for interface: java.util.Collection
2020-09-30 20:14:04 DEBUG [Kero-Security] - Creating access scheme for interface: java.lang.Iterable
2020-09-30 20:14:04 DEBUG [Kero-Security] - Creating access scheme for class: java.util.AbstractCollection
2020-09-30 20:14:04 DEBUG [Kero-Security] - Creating access scheme for class: java.util.LinkedHashMap.LinkedEntryIterator
2020-09-30 20:14:04 DEBUG [Kero-Security] - Building proxy for: java.util.LinkedHashMap.LinkedEntryIterator
2020-09-30 20:14:04 DEBUG [Kero-Security] - Prepare access configuration for java.util.LinkedHashMap.LinkedEntryIterator roles: [OWNER]
2020-09-30 20:14:04 DEBUG [Kero-Security] - Creating access scheme for interface: java.util.Iterator
2020-09-30 20:14:04 DEBUG [Kero-Security] - Creating access scheme for class: java.util.LinkedHashMap.LinkedHashIterator
2020-09-30 20:14:04 DEBUG [Kero-Security] - Creating access scheme for class: java.util.LinkedHashMap.Entry
2020-09-30 20:14:04 DEBUG [Kero-Security] - Building proxy for: java.util.LinkedHashMap.Entry
2020-09-30 20:14:04 DEBUG [Kero-Security] - Prepare access configuration for java.util.LinkedHashMap.Entry roles: [OWNER]
2020-09-30 20:14:04 DEBUG [Kero-Security] - Creating access scheme for class: java.util.HashMap.Node
2020-09-30 20:14:04 DEBUG [Kero-Security] - Creating access scheme for interface: java.util.Map.Entry
2020-09-30 20:14:04 DEBUG [Kero-Security] - Building proxy for: com.kero.security.core.TestObject
2020-09-30 20:14:04 DEBUG [Kero-Security] - Prepare access configuration for com.kero.security.core.TestObject roles: [OWNER]
2020-09-30 20:14:04 DEBUG [Kero-Security] - Creating access scheme for interface: com.kero.security.core.TestInterface
2020-09-30 20:14:04 DEBUG [Kero-Security] - Creating access scheme for interface: java.lang.Comparable
2020-09-30 20:14:04 DEBUG [Kero-Security] - Prepare access configuration for java.util.LinkedHashMap roles: [NONE]
2020-09-30 20:14:04 DEBUG [Kero-Security] - Prepare access configuration for java.util.LinkedHashMap.LinkedEntrySet roles: [NONE]
2020-09-30 20:14:04 DEBUG [Kero-Security] - Prepare access configuration for java.util.LinkedHashMap.LinkedEntryIterator roles: [NONE]
2020-09-30 20:14:04 DEBUG [Kero-Security] - Prepare access configuration for java.util.LinkedHashMap.Entry roles: [NONE]
2020-09-30 20:14:04 DEBUG [Kero-Security] - Prepare access configuration for com.kero.security.core.TestObject roles: [NONE]
2020-09-30 20:14:04 DEBUG [Kero-Security] - Prepare access configuration for java.util.LinkedHashMap roles: [FRIEND]
2020-09-30 20:14:04 DEBUG [Kero-Security] - Prepare access configuration for java.util.LinkedHashMap.LinkedEntrySet roles: [FRIEND]
2020-09-30 20:14:04 DEBUG [Kero-Security] - Prepare access configuration for java.util.LinkedHashMap.LinkedEntryIterator roles: [FRIEND]
2020-09-30 20:14:04 DEBUG [Kero-Security] - Prepare access configuration for java.util.LinkedHashMap.Entry roles: [FRIEND]
2020-09-30 20:14:04 DEBUG [Kero-Security] - Prepare access configuration for com.kero.security.core.TestObject roles: [FRIEND]
2020-09-30 20:14:04 DEBUG [Kero-Security] - Creating access scheme for class: com.kero.security.core.TestObject
2020-09-30 20:14:04 DEBUG [Kero-Security] - Creating property: text for scheme: TestObject
2020-09-30 20:14:04 DEBUG [Kero-Security] - Creating access scheme for class: java.util.HashMap
2020-09-30 20:14:04 DEBUG [Kero-Security] - Building proxy for: java.util.HashMap
2020-09-30 20:14:04 DEBUG [Kero-Security] - Prepare access configuration for java.util.HashMap roles: [OWNER]
2020-09-30 20:14:04 DEBUG [Kero-Security] - Creating access scheme for interface: java.util.Map
2020-09-30 20:14:04 DEBUG [Kero-Security] - Creating access scheme for interface: java.lang.Cloneable
2020-09-30 20:14:04 DEBUG [Kero-Security] - Creating access scheme for interface: java.io.Serializable
2020-09-30 20:14:04 DEBUG [Kero-Security] - Creating access scheme for class: java.util.AbstractMap
2020-09-30 20:14:04 DEBUG [Kero-Security] - Creating access scheme for class: java.util.HashMap.EntrySet
2020-09-30 20:14:04 DEBUG [Kero-Security] - Building proxy for: java.util.HashMap.EntrySet
2020-09-30 20:14:04 DEBUG [Kero-Security] - Prepare access configuration for java.util.HashMap.EntrySet roles: [OWNER]
2020-09-30 20:14:04 DEBUG [Kero-Security] - Creating access scheme for class: java.util.AbstractSet
2020-09-30 20:14:04 DEBUG [Kero-Security] - Creating access scheme for interface: java.util.Set
2020-09-30 20:14:04 DEBUG [Kero-Security] - Creating access scheme for interface: java.util.Collection
2020-09-30 20:14:04 DEBUG [Kero-Security] - Creating access scheme for interface: java.lang.Iterable
2020-09-30 20:14:04 DEBUG [Kero-Security] - Creating access scheme for class: java.util.AbstractCollection
2020-09-30 20:14:04 DEBUG [Kero-Security] - Creating access scheme for class: java.util.HashMap.EntryIterator
2020-09-30 20:14:04 DEBUG [Kero-Security] - Building proxy for: java.util.HashMap.EntryIterator
2020-09-30 20:14:04 DEBUG [Kero-Security] - Prepare access configuration for java.util.HashMap.EntryIterator roles: [OWNER]
2020-09-30 20:14:04 DEBUG [Kero-Security] - Creating access scheme for interface: java.util.Iterator
2020-09-30 20:14:04 DEBUG [Kero-Security] - Creating access scheme for class: java.util.HashMap.HashIterator
2020-09-30 20:14:04 DEBUG [Kero-Security] - Creating access scheme for class: java.util.HashMap.Node
2020-09-30 20:14:04 DEBUG [Kero-Security] - Building proxy for: java.util.HashMap.Node
2020-09-30 20:14:04 DEBUG [Kero-Security] - Prepare access configuration for java.util.HashMap.Node roles: [OWNER]
2020-09-30 20:14:04 DEBUG [Kero-Security] - Creating access scheme for interface: java.util.Map.Entry
2020-09-30 20:14:04 DEBUG [Kero-Security] - Building proxy for: com.kero.security.core.TestObject
2020-09-30 20:14:04 DEBUG [Kero-Security] - Prepare access configuration for com.kero.security.core.TestObject roles: [OWNER]
2020-09-30 20:14:04 DEBUG [Kero-Security] - Creating access scheme for interface: com.kero.security.core.TestInterface
2020-09-30 20:14:04 DEBUG [Kero-Security] - Creating access scheme for interface: java.lang.Comparable
2020-09-30 20:14:04 DEBUG [Kero-Security] - Prepare access configuration for java.util.HashMap roles: [NONE]
2020-09-30 20:14:04 DEBUG [Kero-Security] - Prepare access configuration for java.util.HashMap.EntrySet roles: [NONE]
2020-09-30 20:14:04 DEBUG [Kero-Security] - Prepare access configuration for java.util.HashMap.EntryIterator roles: [NONE]
2020-09-30 20:14:04 DEBUG [Kero-Security] - Prepare access configuration for java.util.HashMap.Node roles: [NONE]
2020-09-30 20:14:04 DEBUG [Kero-Security] - Prepare access configuration for com.kero.security.core.TestObject roles: [NONE]
2020-09-30 20:14:04 DEBUG [Kero-Security] - Prepare access configuration for java.util.HashMap roles: [FRIEND]
2020-09-30 20:14:04 DEBUG [Kero-Security] - Prepare access configuration for java.util.HashMap.EntrySet roles: [FRIEND]
2020-09-30 20:14:04 DEBUG [Kero-Security] - Prepare access configuration for java.util.HashMap.EntryIterator roles: [FRIEND]
2020-09-30 20:14:04 DEBUG [Kero-Security] - Prepare access configuration for java.util.HashMap.Node roles: [FRIEND]
2020-09-30 20:14:04 DEBUG [Kero-Security] - Prepare access configuration for com.kero.security.core.TestObject roles: [FRIEND]
]]></system-out>
  <system-err><![CDATA[]]></system-err>
</testsuite>
